#! /usr/bin/vvp
:ivl_version "11.0 (stable)";
:ivl_delay_selection "TYPICAL";
:vpi_time_precision - 12;
:vpi_module "/usr/lib/x86_64-linux-gnu/ivl/system.vpi";
:vpi_module "/usr/lib/x86_64-linux-gnu/ivl/vhdl_sys.vpi";
:vpi_module "/usr/lib/x86_64-linux-gnu/ivl/vhdl_textio.vpi";
:vpi_module "/usr/lib/x86_64-linux-gnu/ivl/v2005_math.vpi";
:vpi_module "/usr/lib/x86_64-linux-gnu/ivl/va_math.vpi";
S_0x55be0a2c7df0 .scope module, "test" "test" 2 18;
 .timescale -9 -12;
v0x55be0a313590_0 .var "x", 3 0;
v0x55be0a313650_0 .net "z", 0 0, v0x55be0a2c9ba0_0;  1 drivers
S_0x55be0a2c7f80 .scope module, "uut" "primes" 2 30, 3 1 0, S_0x55be0a2c7df0;
 .timescale -9 -12;
    .port_info 0 /INPUT 4 "x";
    .port_info 1 /OUTPUT 1 "z";
v0x55be0a2c97b0_0 .net "x", 3 0, v0x55be0a313590_0;  1 drivers
v0x55be0a2c9ba0_0 .var "z", 0 0;
E_0x55be0a3026d0 .event edge, v0x55be0a2c97b0_0;
    .scope S_0x55be0a2c7f80;
T_0 ;
    %wait E_0x55be0a3026d0;
    %load/vec4 v0x55be0a2c97b0_0;
    %dup/vec4;
    %pushi/vec4 2, 0, 4;
    %cmp/u;
    %jmp/1 T_0.0, 6;
    %dup/vec4;
    %pushi/vec4 3, 0, 4;
    %cmp/u;
    %jmp/1 T_0.1, 6;
    %dup/vec4;
    %pushi/vec4 5, 0, 4;
    %cmp/u;
    %jmp/1 T_0.2, 6;
    %dup/vec4;
    %pushi/vec4 7, 0, 4;
    %cmp/u;
    %jmp/1 T_0.3, 6;
    %dup/vec4;
    %pushi/vec4 11, 0, 4;
    %cmp/u;
    %jmp/1 T_0.4, 6;
    %dup/vec4;
    %pushi/vec4 13, 0, 4;
    %cmp/u;
    %jmp/1 T_0.5, 6;
    %pushi/vec4 0, 0, 1;
    %store/vec4 v0x55be0a2c9ba0_0, 0, 1;
    %jmp T_0.7;
T_0.0 ;
    %pushi/vec4 1, 0, 1;
    %store/vec4 v0x55be0a2c9ba0_0, 0, 1;
    %jmp T_0.7;
T_0.1 ;
    %pushi/vec4 1, 0, 1;
    %store/vec4 v0x55be0a2c9ba0_0, 0, 1;
    %jmp T_0.7;
T_0.2 ;
    %pushi/vec4 1, 0, 1;
    %store/vec4 v0x55be0a2c9ba0_0, 0, 1;
    %jmp T_0.7;
T_0.3 ;
    %pushi/vec4 1, 0, 1;
    %store/vec4 v0x55be0a2c9ba0_0, 0, 1;
    %jmp T_0.7;
T_0.4 ;
    %pushi/vec4 1, 0, 1;
    %store/vec4 v0x55be0a2c9ba0_0, 0, 1;
    %jmp T_0.7;
T_0.5 ;
    %pushi/vec4 1, 0, 1;
    %store/vec4 v0x55be0a2c9ba0_0, 0, 1;
    %jmp T_0.7;
T_0.7 ;
    %pop/vec4 1;
    %jmp T_0;
    .thread T_0, $push;
    .scope S_0x55be0a2c7df0;
T_1 ;
    %pushi/vec4 0, 0, 4;
    %store/vec4 v0x55be0a313590_0, 0, 4;
    %vpi_call 2 60 "$dumpfile", "primes_tb.vcd" {0 0 0};
    %vpi_call 2 61 "$dumpvars", 32'sb00000000000000000000000000000000, S_0x55be0a2c7df0 {0 0 0};
    %vpi_call 2 67 "$display", "x   z" {0 0 0};
    %vpi_call 2 68 "$display", "-----" {0 0 0};
    %vpi_call 2 69 "$monitor", "%d  %b", v0x55be0a313590_0, v0x55be0a313650_0 {0 0 0};
    %delay 160000, 0;
    %vpi_call 2 75 "$finish" {0 0 0};
    %end;
    .thread T_1;
    .scope S_0x55be0a2c7df0;
T_2 ;
    %delay 10000, 0;
    %load/vec4 v0x55be0a313590_0;
    %addi 1, 0, 4;
    %store/vec4 v0x55be0a313590_0, 0, 4;
    %jmp T_2;
    .thread T_2;
# The file index is used to find the file name in the following table.
:file_names 4;
    "N/A";
    "<interactive>";
    "primes_tb.v";
    "primes.v";
