#! /usr/bin/vvp
:ivl_version "11.0 (stable)";
:ivl_delay_selection "TYPICAL";
:vpi_time_precision - 12;
:vpi_module "/usr/lib/x86_64-linux-gnu/ivl/system.vpi";
:vpi_module "/usr/lib/x86_64-linux-gnu/ivl/vhdl_sys.vpi";
:vpi_module "/usr/lib/x86_64-linux-gnu/ivl/vhdl_textio.vpi";
:vpi_module "/usr/lib/x86_64-linux-gnu/ivl/v2005_math.vpi";
:vpi_module "/usr/lib/x86_64-linux-gnu/ivl/va_math.vpi";
S_0x564f258c44a0 .scope module, "test" "test" 2 5;
 .timescale -9 -12;
v0x564f258ded50_0 .var "clk", 0 0;
v0x564f258dee80_0 .net "qa", 0 0, v0x564f258bace0_0;  1 drivers
v0x564f258def40_0 .net "qff", 0 0, v0x564f258dd000_0;  1 drivers
v0x564f258df040_0 .net "qg", 0 0, v0x564f258dd5e0_0;  1 drivers
v0x564f258df110_0 .net "qms", 0 0, v0x564f258de4c0_0;  1 drivers
v0x564f258df1b0_0 .var "r", 0 0;
v0x564f258df250_0 .var "s", 0 0;
S_0x564f258c4630 .scope module, "uut_sra" "sra" 2 14, 3 15 0, S_0x564f258c44a0;
 .timescale -9 -12;
    .port_info 0 /INPUT 1 "s";
    .port_info 1 /INPUT 1 "r";
    .port_info 2 /OUTPUT 1 "q";
v0x564f258bace0_0 .var "q", 0 0;
v0x564f258ad3c0_0 .net "r", 0 0, v0x564f258df1b0_0;  1 drivers
v0x564f258ad4c0_0 .net "s", 0 0, v0x564f258df250_0;  1 drivers
E_0x564f258bf5a0 .event edge, v0x564f258ad3c0_0, v0x564f258ad4c0_0;
S_0x564f258dcdc0 .scope module, "uut_srff" "srff" 2 20, 3 122 0, S_0x564f258c44a0;
 .timescale -9 -12;
    .port_info 0 /INPUT 1 "clk";
    .port_info 1 /INPUT 1 "s";
    .port_info 2 /INPUT 1 "r";
    .port_info 3 /OUTPUT 1 "q";
v0x564f258ad5c0_0 .net "clk", 0 0, v0x564f258ded50_0;  1 drivers
v0x564f258dd000_0 .var "q", 0 0;
v0x564f258dd0c0_0 .net "r", 0 0, v0x564f258df1b0_0;  alias, 1 drivers
v0x564f258dd160_0 .net "s", 0 0, v0x564f258df250_0;  alias, 1 drivers
E_0x564f258bf330 .event negedge, v0x564f258ad5c0_0;
S_0x564f258dd250 .scope module, "uut_srg" "srg" 2 16, 3 56 0, S_0x564f258c44a0;
 .timescale -9 -12;
    .port_info 0 /INPUT 1 "clk";
    .port_info 1 /INPUT 1 "s";
    .port_info 2 /INPUT 1 "r";
    .port_info 3 /OUTPUT 1 "q";
v0x564f258dd4f0_0 .net "clk", 0 0, v0x564f258ded50_0;  alias, 1 drivers
v0x564f258dd5e0_0 .var "q", 0 0;
v0x564f258dd680_0 .net "r", 0 0, v0x564f258df1b0_0;  alias, 1 drivers
v0x564f258dd7a0_0 .net "s", 0 0, v0x564f258df250_0;  alias, 1 drivers
E_0x564f258a59f0 .event edge, v0x564f258ad3c0_0, v0x564f258ad4c0_0, v0x564f258ad5c0_0;
S_0x564f258dd8f0 .scope module, "uut_srms" "srms" 2 18, 3 91 0, S_0x564f258c44a0;
 .timescale -9 -12;
    .port_info 0 /INPUT 1 "clk";
    .port_info 1 /INPUT 1 "s";
    .port_info 2 /INPUT 1 "r";
    .port_info 3 /OUTPUT 1 "q";
L_0x564f258df2f0 .functor NOT 1, v0x564f258ddec0_0, C4<0>, C4<0>, C4<0>;
L_0x564f258df360 .functor NOT 1, v0x564f258ded50_0, C4<0>, C4<0>, C4<0>;
v0x564f258de7b0_0 .net "clk", 0 0, v0x564f258ded50_0;  alias, 1 drivers
v0x564f258de870_0 .net "clk_neg", 0 0, L_0x564f258df360;  1 drivers
v0x564f258de930_0 .net "q", 0 0, v0x564f258de4c0_0;  alias, 1 drivers
v0x564f258dea30_0 .net "qm", 0 0, v0x564f258ddec0_0;  1 drivers
v0x564f258deb20_0 .net "qm_neg", 0 0, L_0x564f258df2f0;  1 drivers
v0x564f258dec10_0 .net "r", 0 0, v0x564f258df1b0_0;  alias, 1 drivers
v0x564f258decb0_0 .net "s", 0 0, v0x564f258df250_0;  alias, 1 drivers
S_0x564f258ddb40 .scope module, "master" "srg" 3 98, 3 56 0, S_0x564f258dd8f0;
 .timescale -9 -12;
    .port_info 0 /INPUT 1 "clk";
    .port_info 1 /INPUT 1 "s";
    .port_info 2 /INPUT 1 "r";
    .port_info 3 /OUTPUT 1 "q";
v0x564f258dddb0_0 .net "clk", 0 0, v0x564f258ded50_0;  alias, 1 drivers
v0x564f258ddec0_0 .var "q", 0 0;
v0x564f258ddf80_0 .net "r", 0 0, v0x564f258df1b0_0;  alias, 1 drivers
v0x564f258de020_0 .net "s", 0 0, v0x564f258df250_0;  alias, 1 drivers
S_0x564f258de150 .scope module, "slave" "srg" 3 101, 3 56 0, S_0x564f258dd8f0;
 .timescale -9 -12;
    .port_info 0 /INPUT 1 "clk";
    .port_info 1 /INPUT 1 "s";
    .port_info 2 /INPUT 1 "r";
    .port_info 3 /OUTPUT 1 "q";
v0x564f258de3e0_0 .net "clk", 0 0, L_0x564f258df360;  alias, 1 drivers
v0x564f258de4c0_0 .var "q", 0 0;
v0x564f258de580_0 .net "r", 0 0, L_0x564f258df2f0;  alias, 1 drivers
v0x564f258de650_0 .net "s", 0 0, v0x564f258ddec0_0;  alias, 1 drivers
E_0x564f258afd60 .event edge, v0x564f258de580_0, v0x564f258ddec0_0, v0x564f258de3e0_0;
    .scope S_0x564f258c4630;
T_0 ;
    %wait E_0x564f258bf5a0;
    %load/vec4 v0x564f258ad4c0_0;
    %load/vec4 v0x564f258ad3c0_0;
    %concat/vec4; draw_concat_vec4
    %dup/vec4;
    %pushi/vec4 1, 0, 2;
    %cmp/u;
    %jmp/1 T_0.0, 6;
    %dup/vec4;
    %pushi/vec4 2, 0, 2;
    %cmp/u;
    %jmp/1 T_0.1, 6;
    %dup/vec4;
    %pushi/vec4 3, 0, 2;
    %cmp/u;
    %jmp/1 T_0.2, 6;
    %jmp T_0.3;
T_0.0 ;
    %pushi/vec4 0, 0, 1;
    %assign/vec4 v0x564f258bace0_0, 0;
    %jmp T_0.3;
T_0.1 ;
    %pushi/vec4 1, 0, 1;
    %assign/vec4 v0x564f258bace0_0, 0;
    %jmp T_0.3;
T_0.2 ;
    %pushi/vec4 1, 1, 1;
    %assign/vec4 v0x564f258bace0_0, 0;
    %jmp T_0.3;
T_0.3 ;
    %pop/vec4 1;
    %jmp T_0;
    .thread T_0, $push;
    .scope S_0x564f258dd250;
T_1 ;
    %wait E_0x564f258a59f0;
    %load/vec4 v0x564f258dd4f0_0;
    %pad/u 32;
    %cmpi/e 1, 0, 32;
    %jmp/0xz  T_1.0, 4;
    %load/vec4 v0x564f258dd7a0_0;
    %load/vec4 v0x564f258dd680_0;
    %concat/vec4; draw_concat_vec4
    %dup/vec4;
    %pushi/vec4 1, 0, 2;
    %cmp/u;
    %jmp/1 T_1.2, 6;
    %dup/vec4;
    %pushi/vec4 2, 0, 2;
    %cmp/u;
    %jmp/1 T_1.3, 6;
    %dup/vec4;
    %pushi/vec4 3, 0, 2;
    %cmp/u;
    %jmp/1 T_1.4, 6;
    %jmp T_1.5;
T_1.2 ;
    %pushi/vec4 0, 0, 1;
    %assign/vec4 v0x564f258dd5e0_0, 0;
    %jmp T_1.5;
T_1.3 ;
    %pushi/vec4 1, 0, 1;
    %assign/vec4 v0x564f258dd5e0_0, 0;
    %jmp T_1.5;
T_1.4 ;
    %pushi/vec4 1, 1, 1;
    %assign/vec4 v0x564f258dd5e0_0, 0;
    %jmp T_1.5;
T_1.5 ;
    %pop/vec4 1;
T_1.0 ;
    %jmp T_1;
    .thread T_1, $push;
    .scope S_0x564f258ddb40;
T_2 ;
    %wait E_0x564f258a59f0;
    %load/vec4 v0x564f258dddb0_0;
    %pad/u 32;
    %cmpi/e 1, 0, 32;
    %jmp/0xz  T_2.0, 4;
    %load/vec4 v0x564f258de020_0;
    %load/vec4 v0x564f258ddf80_0;
    %concat/vec4; draw_concat_vec4
    %dup/vec4;
    %pushi/vec4 1, 0, 2;
    %cmp/u;
    %jmp/1 T_2.2, 6;
    %dup/vec4;
    %pushi/vec4 2, 0, 2;
    %cmp/u;
    %jmp/1 T_2.3, 6;
    %dup/vec4;
    %pushi/vec4 3, 0, 2;
    %cmp/u;
    %jmp/1 T_2.4, 6;
    %jmp T_2.5;
T_2.2 ;
    %pushi/vec4 0, 0, 1;
    %assign/vec4 v0x564f258ddec0_0, 0;
    %jmp T_2.5;
T_2.3 ;
    %pushi/vec4 1, 0, 1;
    %assign/vec4 v0x564f258ddec0_0, 0;
    %jmp T_2.5;
T_2.4 ;
    %pushi/vec4 1, 1, 1;
    %assign/vec4 v0x564f258ddec0_0, 0;
    %jmp T_2.5;
T_2.5 ;
    %pop/vec4 1;
T_2.0 ;
    %jmp T_2;
    .thread T_2, $push;
    .scope S_0x564f258de150;
T_3 ;
    %wait E_0x564f258afd60;
    %load/vec4 v0x564f258de3e0_0;
    %pad/u 32;
    %cmpi/e 1, 0, 32;
    %jmp/0xz  T_3.0, 4;
    %load/vec4 v0x564f258de650_0;
    %load/vec4 v0x564f258de580_0;
    %concat/vec4; draw_concat_vec4
    %dup/vec4;
    %pushi/vec4 1, 0, 2;
    %cmp/u;
    %jmp/1 T_3.2, 6;
    %dup/vec4;
    %pushi/vec4 2, 0, 2;
    %cmp/u;
    %jmp/1 T_3.3, 6;
    %dup/vec4;
    %pushi/vec4 3, 0, 2;
    %cmp/u;
    %jmp/1 T_3.4, 6;
    %jmp T_3.5;
T_3.2 ;
    %pushi/vec4 0, 0, 1;
    %assign/vec4 v0x564f258de4c0_0, 0;
    %jmp T_3.5;
T_3.3 ;
    %pushi/vec4 1, 0, 1;
    %assign/vec4 v0x564f258de4c0_0, 0;
    %jmp T_3.5;
T_3.4 ;
    %pushi/vec4 1, 1, 1;
    %assign/vec4 v0x564f258de4c0_0, 0;
    %jmp T_3.5;
T_3.5 ;
    %pop/vec4 1;
T_3.0 ;
    %jmp T_3;
    .thread T_3, $push;
    .scope S_0x564f258dcdc0;
T_4 ;
    %wait E_0x564f258bf330;
    %load/vec4 v0x564f258dd160_0;
    %load/vec4 v0x564f258dd0c0_0;
    %concat/vec4; draw_concat_vec4
    %dup/vec4;
    %pushi/vec4 1, 0, 2;
    %cmp/u;
    %jmp/1 T_4.0, 6;
    %dup/vec4;
    %pushi/vec4 2, 0, 2;
    %cmp/u;
    %jmp/1 T_4.1, 6;
    %dup/vec4;
    %pushi/vec4 3, 0, 2;
    %cmp/u;
    %jmp/1 T_4.2, 6;
    %jmp T_4.3;
T_4.0 ;
    %pushi/vec4 0, 0, 1;
    %assign/vec4 v0x564f258dd000_0, 0;
    %jmp T_4.3;
T_4.1 ;
    %pushi/vec4 1, 0, 1;
    %assign/vec4 v0x564f258dd000_0, 0;
    %jmp T_4.3;
T_4.2 ;
    %pushi/vec4 1, 1, 1;
    %assign/vec4 v0x564f258dd000_0, 0;
    %jmp T_4.3;
T_4.3 ;
    %pop/vec4 1;
    %jmp T_4;
    .thread T_4;
    .scope S_0x564f258c44a0;
T_5 ;
    %pushi/vec4 0, 0, 1;
    %store/vec4 v0x564f258ded50_0, 0, 1;
    %pushi/vec4 0, 0, 1;
    %store/vec4 v0x564f258df250_0, 0, 1;
    %pushi/vec4 0, 0, 1;
    %store/vec4 v0x564f258df1b0_0, 0, 1;
    %end;
    .thread T_5;
    .scope S_0x564f258c44a0;
T_6 ;
    %vpi_call 2 25 "$dumpfile", "latches_tb.vcd" {0 0 0};
    %vpi_call 2 26 "$dumpvars", 32'sb00000000000000000000000000000000, S_0x564f258c44a0 {0 0 0};
    %vpi_call 2 29 "$display", "      time  clk s r   qa  qg  qms qff" {0 0 0};
    %vpi_call 2 30 "$monitor", "%d  %b   %b %b   %b   %b   %b   %b", $stime, v0x564f258ded50_0, v0x564f258df250_0, v0x564f258df1b0_0, v0x564f258dee80_0, v0x564f258df040_0, v0x564f258df110_0, v0x564f258def40_0 {0 0 0};
    %delay 8000, 0;
    %pushi/vec4 1, 0, 1;
    %store/vec4 v0x564f258df1b0_0, 0, 1;
    %delay 17000, 0;
    %pushi/vec4 0, 0, 1;
    %store/vec4 v0x564f258df1b0_0, 0, 1;
    %delay 9000, 0;
    %pushi/vec4 1, 0, 1;
    %store/vec4 v0x564f258df250_0, 0, 1;
    %delay 2000, 0;
    %pushi/vec4 0, 0, 1;
    %store/vec4 v0x564f258df250_0, 0, 1;
    %delay 8000, 0;
    %pushi/vec4 1, 0, 1;
    %store/vec4 v0x564f258df1b0_0, 0, 1;
    %delay 2000, 0;
    %pushi/vec4 0, 0, 1;
    %store/vec4 v0x564f258df1b0_0, 0, 1;
    %delay 6000, 0;
    %pushi/vec4 1, 0, 1;
    %store/vec4 v0x564f258df250_0, 0, 1;
    %delay 20000, 0;
    %vpi_call 2 46 "$finish" {0 0 0};
    %end;
    .thread T_6;
    .scope S_0x564f258c44a0;
T_7 ;
    %delay 10000, 0;
    %load/vec4 v0x564f258ded50_0;
    %inv;
    %store/vec4 v0x564f258ded50_0, 0, 1;
    %jmp T_7;
    .thread T_7;
# The file index is used to find the file name in the following table.
:file_names 4;
    "N/A";
    "<interactive>";
    "latches_tb.v";
    "latches.v";
